Release 14.7 - xst P.20131013 (lin64)
Copyright (c) 1995-2013 Xilinx, Inc.  All rights reserved.
--> 
Parameter TMPDIR set to xst/projnav.tmp


Total REAL time to Xst completion: 0.00 secs
Total CPU time to Xst completion: 0.05 secs
 
--> 
Parameter xsthdpdir set to xst


Total REAL time to Xst completion: 0.00 secs
Total CPU time to Xst completion: 0.05 secs
 
--> 
Reading design: alu_main.prj

TABLE OF CONTENTS
  1) Synthesis Options Summary
  2) HDL Compilation
  3) Design Hierarchy Analysis
  4) HDL Analysis
  5) HDL Synthesis
     5.1) HDL Synthesis Report
  6) Advanced HDL Synthesis
     6.1) Advanced HDL Synthesis Report
  7) Low Level Synthesis
  8) Partition Report
  9) Final Report
	9.1) Device utilization summary
	9.2) Partition Resource Summary
	9.3) TIMING REPORT


=========================================================================
*                      Synthesis Options Summary                        *
=========================================================================
---- Source Parameters
Input File Name                    : "alu_main.prj"
Input Format                       : mixed
Ignore Synthesis Constraint File   : NO

---- Target Parameters
Output File Name                   : "alu_main"
Output Format                      : NGC
Target Device                      : xc3s500e-4-fg320

---- Source Options
Top Module Name                    : alu_main
Automatic FSM Extraction           : YES
FSM Encoding Algorithm             : Auto
Safe Implementation                : No
FSM Style                          : LUT
RAM Extraction                     : Yes
RAM Style                          : Auto
ROM Extraction                     : Yes
Mux Style                          : Auto
Decoder Extraction                 : YES
Priority Encoder Extraction        : Yes
Shift Register Extraction          : YES
Logical Shifter Extraction         : YES
XOR Collapsing                     : YES
ROM Style                          : Auto
Mux Extraction                     : Yes
Resource Sharing                   : YES
Asynchronous To Synchronous        : NO
Multiplier Style                   : Auto
Automatic Register Balancing       : No

---- Target Options
Add IO Buffers                     : YES
Global Maximum Fanout              : 100000
Add Generic Clock Buffer(BUFG)     : 24
Register Duplication               : YES
Slice Packing                      : YES
Optimize Instantiated Primitives   : NO
Use Clock Enable                   : Yes
Use Synchronous Set                : Yes
Use Synchronous Reset              : Yes
Pack IO Registers into IOBs        : Auto
Equivalent register Removal        : YES

---- General Options
Optimization Goal                  : Speed
Optimization Effort                : 1
Keep Hierarchy                     : No
Netlist Hierarchy                  : As_Optimized
RTL Output                         : Yes
Global Optimization                : AllClockNets
Read Cores                         : YES
Write Timing Constraints           : NO
Cross Clock Analysis               : NO
Hierarchy Separator                : /
Bus Delimiter                      : <>
Case Specifier                     : Maintain
Slice Utilization Ratio            : 100
BRAM Utilization Ratio             : 100
Verilog 2001                       : YES
Auto BRAM Packing                  : NO
Slice Utilization Ratio Delta      : 5

=========================================================================


=========================================================================
*                          HDL Compilation                              *
=========================================================================
Compiling vhdl file "/home/vishal/xilinx/MIPS_32_bit_first_design/mux1bit.vhd" in Library work.
Architecture behavioral of Entity mux1bit is up to date.
Compiling vhdl file "/home/vishal/xilinx/MIPS_32_bit_first_design/mux4sel1bit.vhd" in Library work.
Architecture behavioral of Entity mux4sel1bit is up to date.
Compiling vhdl file "/home/vishal/xilinx/MIPS_32_bit_first_design/alu1bit.vhd" in Library work.
Architecture behavioral of Entity alu1bit is up to date.
Compiling vhdl file "/home/vishal/xilinx/MIPS_32_bit_first_design/alu_main.vhd" in Library work.
Architecture behavioral of Entity alu_main is up to date.

=========================================================================
*                     Design Hierarchy Analysis                         *
=========================================================================
Analyzing hierarchy for entity <alu_main> in library <work> (architecture <behavioral>).

Analyzing hierarchy for entity <alu1bit> in library <work> (architecture <behavioral>).

Analyzing hierarchy for entity <mux1bit> in library <work> (architecture <behavioral>).

Analyzing hierarchy for entity <mux4sel1bit> in library <work> (architecture <behavioral>).


=========================================================================
*                            HDL Analysis                               *
=========================================================================
Analyzing Entity <alu_main> in library <work> (Architecture <behavioral>).
Entity <alu_main> analyzed. Unit <alu_main> generated.

Analyzing Entity <alu1bit> in library <work> (Architecture <behavioral>).
Entity <alu1bit> analyzed. Unit <alu1bit> generated.

Analyzing Entity <mux1bit> in library <work> (Architecture <behavioral>).
Entity <mux1bit> analyzed. Unit <mux1bit> generated.

Analyzing Entity <mux4sel1bit> in library <work> (Architecture <behavioral>).
Entity <mux4sel1bit> analyzed. Unit <mux4sel1bit> generated.


=========================================================================
*                           HDL Synthesis                               *
=========================================================================

Performing bidirectional port resolution...

Synthesizing Unit <mux1bit>.
    Related source file is "/home/vishal/xilinx/MIPS_32_bit_first_design/mux1bit.vhd".
Unit <mux1bit> synthesized.


Synthesizing Unit <mux4sel1bit>.
    Related source file is "/home/vishal/xilinx/MIPS_32_bit_first_design/mux4sel1bit.vhd".
    Found 1-bit 4-to-1 multiplexer for signal <e>.
    Summary:
	inferred   1 Multiplexer(s).
Unit <mux4sel1bit> synthesized.


Synthesizing Unit <alu1bit>.
    Related source file is "/home/vishal/xilinx/MIPS_32_bit_first_design/alu1bit.vhd".
    Found 1-bit xor3 for signal <sum_out>.
    Summary:
	inferred   1 Xor(s).
Unit <alu1bit> synthesized.


Synthesizing Unit <alu_main>.
    Related source file is "/home/vishal/xilinx/MIPS_32_bit_first_design/alu_main.vhd".
WARNING:Xst:653 - Signal <temp_zero<0>> is used but never assigned. This sourceless signal will be automatically connected to value 0.
WARNING:Xst:737 - Found 1-bit latch for signal <cin>. Latches may be generated from incomplete case or if statements. We do not recommend the use of latches in FPGA/CPLD designs, as they may lead to timing problems.
INFO:Xst:2371 - HDL ADVISOR - Logic functions respectively driving the data and gate enable inputs of this latch share common terms. This situation will potentially lead to setup/hold violations and, as a result, to simulation problems. This situation may come from an incomplete case statement (all selector values are not covered). You should carefully review if it was in your intentions to describe such a latch.
WARNING:Xst:737 - Found 1-bit latch for signal <binv>. Latches may be generated from incomplete case or if statements. We do not recommend the use of latches in FPGA/CPLD designs, as they may lead to timing problems.
INFO:Xst:2371 - HDL ADVISOR - Logic functions respectively driving the data and gate enable inputs of this latch share common terms. This situation will potentially lead to setup/hold violations and, as a result, to simulation problems. This situation may come from an incomplete case statement (all selector values are not covered). You should carefully review if it was in your intentions to describe such a latch.
WARNING:Xst:737 - Found 1-bit latch for signal <ainv>. Latches may be generated from incomplete case or if statements. We do not recommend the use of latches in FPGA/CPLD designs, as they may lead to timing problems.
INFO:Xst:2371 - HDL ADVISOR - Logic functions respectively driving the data and gate enable inputs of this latch share common terms. This situation will potentially lead to setup/hold violations and, as a result, to simulation problems. This situation may come from an incomplete case statement (all selector values are not covered). You should carefully review if it was in your intentions to describe such a latch.
Unit <alu_main> synthesized.


=========================================================================
HDL Synthesis Report

Macro Statistics
# Latches                                              : 3
 1-bit latch                                           : 3
# Multiplexers                                         : 32
 1-bit 4-to-1 multiplexer                              : 32
# Xors                                                 : 32
 1-bit xor3                                            : 32

=========================================================================

=========================================================================
*                       Advanced HDL Synthesis                          *
=========================================================================


=========================================================================
Advanced HDL Synthesis Report

Macro Statistics
# Latches                                              : 3
 1-bit latch                                           : 3
# Multiplexers                                         : 32
 1-bit 4-to-1 multiplexer                              : 32
# Xors                                                 : 32
 1-bit xor3                                            : 32

=========================================================================

=========================================================================
*                         Low Level Synthesis                           *
=========================================================================

Optimizing unit <alu_main> ...

Mapping all equations...
Building and optimizing final netlist ...
Found area constraint ratio of 100 (+ 5) on block alu_main, actual ratio is 2.

Final Macro Processing ...

=========================================================================
Final Register Report

Found no macro
=========================================================================

=========================================================================
*                           Partition Report                            *
=========================================================================

Partition Implementation Status
-------------------------------

  No Partitions were found in this design.

-------------------------------

=========================================================================
*                            Final Report                               *
=========================================================================
Final Results
RTL Top Level Output File Name     : alu_main.ngr
Top Level Output File Name         : alu_main
Output Format                      : NGC
Optimization Goal                  : Speed
Keep Hierarchy                     : No

Design Statistics
# IOs                              : 101

Cell Usage :
# BELS                             : 213
#      LUT2                        : 91
#      LUT3                        : 6
#      LUT4                        : 114
#      MUXF5                       : 2
# FlipFlops/Latches                : 3
#      LD                          : 3
# IO Buffers                       : 101
#      IBUF                        : 67
#      OBUF                        : 34
=========================================================================

Device utilization summary:
---------------------------

Selected Device : 3s500efg320-4 

 Number of Slices:                      121  out of   4656     2%  
 Number of Slice Flip Flops:              3  out of   9312     0%  
 Number of 4 input LUTs:                211  out of   9312     2%  
 Number of IOs:                         101
 Number of bonded IOBs:                 101  out of    232    43%  

---------------------------
Partition Resource Summary:
---------------------------

  No Partitions were found in this design.

---------------------------


=========================================================================
TIMING REPORT

NOTE: THESE TIMING NUMBERS ARE ONLY A SYNTHESIS ESTIMATE.
      FOR ACCURATE TIMING INFORMATION PLEASE REFER TO THE TRACE REPORT
      GENERATED AFTER PLACE-and-ROUTE.

Clock Information:
------------------
-----------------------------------+------------------------+-------+
Clock Signal                       | Clock buffer(FF name)  | Load  |
-----------------------------------+------------------------+-------+
cin_or0000(cin_or00001:O)          | NONE(*)(ainv)          | 3     |
-----------------------------------+------------------------+-------+
(*) This 1 clock signal(s) are generated by combinatorial logic,
and XST is not able to identify which are the primary clock signals.
Please use the CLOCK_SIGNAL constraint to specify the clock signal(s) generated by combinatorial logic.
INFO:Xst:2169 - HDL ADVISOR - Some clock signals were not automatically buffered by XST with BUFG/BUFR resources. Please use the buffer_type constraint in order to insert these buffers to the clock signals to help prevent skew problems.

Asynchronous Control Signals Information:
----------------------------------------
No asynchronous control signals found in this design

Timing Summary:
---------------
Speed Grade: -4

   Minimum period: No path found
   Minimum input arrival time before clock: 3.225ns
   Maximum output required time after clock: 45.019ns
   Maximum combinational path delay: 44.620ns

Timing Detail:
--------------
All values displayed in nanoseconds (ns)

=========================================================================
Timing constraint: Default OFFSET IN BEFORE for Clock 'cin_or0000'
  Total number of paths / destination ports: 9 / 3
-------------------------------------------------------------------------
Offset:              3.225ns (Levels of Logic = 2)
  Source:            alu_opn<2> (PAD)
  Destination:       ainv (LATCH)
  Destination Clock: cin_or0000 falling

  Data Path: alu_opn<2> to ainv
                                Gate     Net
    Cell:in->out      fanout   Delay   Delay  Logical Name (Net Name)
    ----------------------------------------  ------------
     IBUF:I->O             9   1.218   0.995  alu_opn_2_IBUF (alu_opn_2_IBUF)
     LUT3:I0->O            1   0.704   0.000  ainv_or00011 (ainv_or0001)
     LD:D                      0.308          ainv
    ----------------------------------------
    Total                      3.225ns (2.230ns logic, 0.995ns route)
                                       (69.1% logic, 30.9% route)

=========================================================================
Timing constraint: Default OFFSET OUT AFTER for Clock 'cin_or0000'
  Total number of paths / destination ports: 2376 / 34
-------------------------------------------------------------------------
Offset:              45.019ns (Levels of Logic = 35)
  Source:            binv (LATCH)
  Destination:       zero (PAD)
  Source Clock:      cin_or0000 falling

  Data Path: binv to zero
                                Gate     Net
    Cell:in->out      fanout   Delay   Delay  Logical Name (Net Name)
    ----------------------------------------  ------------
     LD:G->Q              40   0.676   1.440  binv (binv)
     LUT2:I0->O            3   0.704   0.566  U1/U2/c1 (U1/binp)
     LUT4:I2->O            2   0.704   0.451  U1/cout1 (c_out<0>)
     LUT4:I3->O            2   0.704   0.451  for_loop[1].U/cout1 (c_out<1>)
     LUT4:I3->O            2   0.704   0.451  for_loop[2].U/cout1 (c_out<2>)
     LUT4:I3->O            2   0.704   0.451  for_loop[3].U/cout1 (c_out<3>)
     LUT4:I3->O            2   0.704   0.451  for_loop[4].U/cout1 (c_out<4>)
     LUT4:I3->O            2   0.704   0.451  for_loop[5].U/cout1 (c_out<5>)
     LUT4:I3->O            2   0.704   0.451  for_loop[6].U/cout1 (c_out<6>)
     LUT4:I3->O            2   0.704   0.451  for_loop[7].U/cout1 (c_out<7>)
     LUT4:I3->O            2   0.704   0.451  for_loop[8].U/cout1 (c_out<8>)
     LUT4:I3->O            2   0.704   0.451  for_loop[9].U/cout1 (c_out<9>)
     LUT4:I3->O            2   0.704   0.451  for_loop[10].U/cout1 (c_out<10>)
     LUT4:I3->O            2   0.704   0.451  for_loop[11].U/cout1 (c_out<11>)
     LUT4:I3->O            2   0.704   0.451  for_loop[12].U/cout1 (c_out<12>)
     LUT4:I3->O            2   0.704   0.451  for_loop[13].U/cout1 (c_out<13>)
     LUT4:I3->O            2   0.704   0.451  for_loop[14].U/cout1 (c_out<14>)
     LUT4:I3->O            2   0.704   0.451  for_loop[15].U/cout1 (c_out<15>)
     LUT4:I3->O            2   0.704   0.451  for_loop[16].U/cout1 (c_out<16>)
     LUT4:I3->O            2   0.704   0.451  for_loop[17].U/cout1 (c_out<17>)
     LUT4:I3->O            2   0.704   0.451  for_loop[18].U/cout1 (c_out<18>)
     LUT4:I3->O            2   0.704   0.451  for_loop[19].U/cout1 (c_out<19>)
     LUT4:I3->O            2   0.704   0.451  for_loop[20].U/cout1 (c_out<20>)
     LUT4:I3->O            2   0.704   0.451  for_loop[21].U/cout1 (c_out<21>)
     LUT4:I3->O            2   0.704   0.451  for_loop[22].U/cout1 (c_out<22>)
     LUT4:I3->O            2   0.704   0.451  for_loop[23].U/cout1 (c_out<23>)
     LUT4:I3->O            2   0.704   0.451  for_loop[24].U/cout1 (c_out<24>)
     LUT4:I3->O            2   0.704   0.451  for_loop[25].U/cout1 (c_out<25>)
     LUT4:I3->O            2   0.704   0.451  for_loop[26].U/cout1 (c_out<26>)
     LUT4:I3->O            2   0.704   0.451  for_loop[27].U/cout1 (c_out<27>)
     LUT4:I3->O            2   0.704   0.451  for_loop[28].U/cout1 (c_out<28>)
     LUT4:I3->O            2   0.704   0.447  for_loop[29].U/cout1 (c_out<29>)
     MUXF5:S->O            2   0.739   0.526  for_loop[30].U/cout_f5 (c_out<30>)
     LUT4:I1->O            2   0.704   0.622  for_loop[31].U/U3/Mmux_e2115 (alu_result_31_OBUF)
     LUT4:I0->O            1   0.704   0.420  temp_zero_31_not0000424 (zero_OBUF)
     OBUF:I->O                 3.272          zero_OBUF (zero)
    ----------------------------------------
    Total                     45.019ns (27.919ns logic, 17.100ns route)
                                       (62.0% logic, 38.0% route)

=========================================================================
Timing constraint: Default path analysis
  Total number of paths / destination ports: 2824 / 34
-------------------------------------------------------------------------
Delay:               44.620ns (Levels of Logic = 36)
  Source:            b<0> (PAD)
  Destination:       zero (PAD)

  Data Path: b<0> to zero
                                Gate     Net
    Cell:in->out      fanout   Delay   Delay  Logical Name (Net Name)
    ----------------------------------------  ------------
     IBUF:I->O             1   1.218   0.499  b_0_IBUF (b_0_IBUF)
     LUT2:I1->O            3   0.704   0.566  U1/U2/c1 (U1/binp)
     LUT4:I2->O            2   0.704   0.451  U1/cout1 (c_out<0>)
     LUT4:I3->O            2   0.704   0.451  for_loop[1].U/cout1 (c_out<1>)
     LUT4:I3->O            2   0.704   0.451  for_loop[2].U/cout1 (c_out<2>)
     LUT4:I3->O            2   0.704   0.451  for_loop[3].U/cout1 (c_out<3>)
     LUT4:I3->O            2   0.704   0.451  for_loop[4].U/cout1 (c_out<4>)
     LUT4:I3->O            2   0.704   0.451  for_loop[5].U/cout1 (c_out<5>)
     LUT4:I3->O            2   0.704   0.451  for_loop[6].U/cout1 (c_out<6>)
     LUT4:I3->O            2   0.704   0.451  for_loop[7].U/cout1 (c_out<7>)
     LUT4:I3->O            2   0.704   0.451  for_loop[8].U/cout1 (c_out<8>)
     LUT4:I3->O            2   0.704   0.451  for_loop[9].U/cout1 (c_out<9>)
     LUT4:I3->O            2   0.704   0.451  for_loop[10].U/cout1 (c_out<10>)
     LUT4:I3->O            2   0.704   0.451  for_loop[11].U/cout1 (c_out<11>)
     LUT4:I3->O            2   0.704   0.451  for_loop[12].U/cout1 (c_out<12>)
     LUT4:I3->O            2   0.704   0.451  for_loop[13].U/cout1 (c_out<13>)
     LUT4:I3->O            2   0.704   0.451  for_loop[14].U/cout1 (c_out<14>)
     LUT4:I3->O            2   0.704   0.451  for_loop[15].U/cout1 (c_out<15>)
     LUT4:I3->O            2   0.704   0.451  for_loop[16].U/cout1 (c_out<16>)
     LUT4:I3->O            2   0.704   0.451  for_loop[17].U/cout1 (c_out<17>)
     LUT4:I3->O            2   0.704   0.451  for_loop[18].U/cout1 (c_out<18>)
     LUT4:I3->O            2   0.704   0.451  for_loop[19].U/cout1 (c_out<19>)
     LUT4:I3->O            2   0.704   0.451  for_loop[20].U/cout1 (c_out<20>)
     LUT4:I3->O            2   0.704   0.451  for_loop[21].U/cout1 (c_out<21>)
     LUT4:I3->O            2   0.704   0.451  for_loop[22].U/cout1 (c_out<22>)
     LUT4:I3->O            2   0.704   0.451  for_loop[23].U/cout1 (c_out<23>)
     LUT4:I3->O            2   0.704   0.451  for_loop[24].U/cout1 (c_out<24>)
     LUT4:I3->O            2   0.704   0.451  for_loop[25].U/cout1 (c_out<25>)
     LUT4:I3->O            2   0.704   0.451  for_loop[26].U/cout1 (c_out<26>)
     LUT4:I3->O            2   0.704   0.451  for_loop[27].U/cout1 (c_out<27>)
     LUT4:I3->O            2   0.704   0.451  for_loop[28].U/cout1 (c_out<28>)
     LUT4:I3->O            2   0.704   0.447  for_loop[29].U/cout1 (c_out<29>)
     MUXF5:S->O            2   0.739   0.526  for_loop[30].U/cout_f5 (c_out<30>)
     LUT4:I1->O            2   0.704   0.622  for_loop[31].U/U3/Mmux_e2115 (alu_result_31_OBUF)
     LUT4:I0->O            1   0.704   0.420  temp_zero_31_not0000424 (zero_OBUF)
     OBUF:I->O                 3.272          zero_OBUF (zero)
    ----------------------------------------
    Total                     44.620ns (28.461ns logic, 16.159ns route)
                                       (63.8% logic, 36.2% route)

=========================================================================


Total REAL time to Xst completion: 8.00 secs
Total CPU time to Xst completion: 8.15 secs
 
--> 


Total memory usage is 537656 kilobytes

Number of errors   :    0 (   0 filtered)
Number of warnings :    4 (   0 filtered)
Number of infos    :    4 (   0 filtered)

