ISim log file
Running: /home/vishal/xilinx/MIPS_32_bit_first_design/simulation_isim_beh.exe -intstyle ise -gui -tclbatch isim.cmd -wdb /home/vishal/xilinx/MIPS_32_bit_first_design/simulation_isim_beh.wdb 
ISim P.20131013 (signature 0xfbc00daa)
This is a Full version of ISim.
Time resolution is 1 ps
# onerror resume
# wave add /
# run 1000 ns
Simulator is doing circuit initialization process.
at 0 ps, Instance /simulation/uut/U3/ : Warning: There is an 'U'|'X'|'W'|'Z'|'-' in an arithmetic operand, the result will be 'X'(es).
at 0 ps, Instance /simulation/uut/U16/ : Warning: NUMERIC_STD.TO_INTEGER: metavalue detected, returning 0
Finished circuit initialization process.
at 10 ns(2), Instance /simulation/uut/U16/ : Warning: NUMERIC_STD.TO_INTEGER: metavalue detected, returning 0
at 30 ns(2), Instance /simulation/uut/U7/ : Warning: NUMERIC_STD.TO_INTEGER: metavalue detected, returning 0
at 30 ns(2), Instance /simulation/uut/U7/ : Warning: NUMERIC_STD.TO_INTEGER: metavalue detected, returning 0
at 30 ns(3), Instance /simulation/uut/U7/ : Warning: NUMERIC_STD.TO_INTEGER: metavalue detected, returning 0
at 230 ns(3), Instance /simulation/uut/U7/ : Warning: NUMERIC_STD.TO_INTEGER: metavalue detected, returning 0
at 230 ns(4), Instance /simulation/uut/U7/ : Warning: NUMERIC_STD.TO_INTEGER: metavalue detected, returning 0
at 230 ns(4), Instance /simulation/uut/U7/ : Warning: NUMERIC_STD.TO_INTEGER: metavalue detected, returning 0
at 250 ns(3), Instance /simulation/uut/U7/ : Warning: NUMERIC_STD.TO_INTEGER: metavalue detected, returning 0
at 250 ns(3), Instance /simulation/uut/U7/ : Warning: NUMERIC_STD.TO_INTEGER: metavalue detected, returning 0
at 270 ns(3), Instance /simulation/uut/U7/ : Warning: NUMERIC_STD.TO_INTEGER: metavalue detected, returning 0
at 270 ns(3), Instance /simulation/uut/U7/ : Warning: NUMERIC_STD.TO_INTEGER: metavalue detected, returning 0
at 290 ns(2), Instance /simulation/uut/U7/ : Warning: NUMERIC_STD.TO_INTEGER: metavalue detected, returning 0
at 290 ns(2), Instance /simulation/uut/U7/ : Warning: NUMERIC_STD.TO_INTEGER: metavalue detected, returning 0
at 290 ns(3), Instance /simulation/uut/U7/ : Warning: NUMERIC_STD.TO_INTEGER: metavalue detected, returning 0
at 290 ns(3), Instance /simulation/uut/U7/ : Warning: NUMERIC_STD.TO_INTEGER: metavalue detected, returning 0
# exit 0
